<?xml version="1.0" encoding="UTF-8"?>
<testsuite xmlns:xsi="http://www.w3.org/2001/XMLSchema-instance" xsi:noNamespaceSchemaLocation="https://maven.apache.org/surefire/maven-surefire-plugin/xsd/surefire-test-report-3.0.xsd" version="3.0" name="ValidationUtilTest" time="0.019" tests="16" errors="0" skipped="0" failures="0">
  <properties>
[...]
</properties>
  <testcase name="testEmailWithWhitespace" classname="ValidationUtilTest" time="0.002"/>
  <testcase name="testPasswordEmpty" classname="ValidationUtilTest" time="0.0"/>
  <testcase name="testPasswordMissingUpperCase" classname="ValidationUtilTest" time="0.0"/>
  <testcase name="testPasswordWithAllSpecialChars" classname="ValidationUtilTest" time="0.0"/>
  <testcase name="testPasswordTooShort" classname="ValidationUtilTest" time="0.0"/>
  <testcase name="testPasswordMissingSpecialChar" classname="ValidationUtilTest" time="0.0"/>
  <testcase name="testPasswordMissingDigit" classname="ValidationUtilTest" time="0.0"/>
  <testcase name="testPasswordMaximumLength" classname="ValidationUtilTest" time="0.0"/>
  <testcase name="testEmailTooLong" classname="ValidationUtilTest" time="0.0"/>
  <testcase name="testInvalidEmails" classname="ValidationUtilTest" time="0.0"/>
  <testcase name="testValidPasswords" classname="ValidationUtilTest" time="0.0"/>
  <testcase name="testPasswordMinimumLength" classname="ValidationUtilTest" time="0.0"/>
  <testcase name="testPasswordTooLong" classname="ValidationUtilTest" time="0.0"/>
  <testcase name="testValidEmails" classname="ValidationUtilTest" time="0.0"/>
  <testcase name="testPasswordNull" classname="ValidationUtilTest" time="0.0"/>
  <testcase name="testPasswordMissingLowerCase" classname="ValidationUtilTest" time="0.0"/>
</testsuite>